FrontEnd/app/build/intermediates/manifest_merge_blame_file/debug/manifest-merger-blame-debug-report.txt
1<?xml version="1.0" encoding="utf-8"?>
2<manifest xmlns:android="http://schemas.android.com/apk/res/android"
3    package="com.optic.kotlinudemydelivery"
4    android:versionCode="1"
5    android:versionName="1.0" >
6
7    <uses-sdk
8        android:minSdkVersion="21"
8-->src\main\AndroidManifest.xml
9        android:targetSdkVersion="33" />
9-->src\main\AndroidManifest.xml
10
11    <uses-permission android:name="android.permission.INTERNET" />
11-->src\main\AndroidManifest.xml:6:5-67
11-->src\main\AndroidManifest.xml:6:22-64
12    <uses-permission android:name="android.permission.ACCESS_NETWORK_STATE" />
12-->src\main\AndroidManifest.xml:7:5-79
12-->src\main\AndroidManifest.xml:7:22-76
13    <uses-permission android:name="android.permission.CAMERA" />
13-->src\main\AndroidManifest.xml:8:5-65
13-->src\main\AndroidManifest.xml:8:22-62
14    <uses-permission android:name="android.permission.READ_EXTERNAL_STORAGE" />
14-->src\main\AndroidManifest.xml:9:5-80
14-->src\main\AndroidManifest.xml:9:22-77
15    <uses-permission android:name="android.permission.WRITE_EXTERNAL_STORAGE" />
15-->src\main\AndroidManifest.xml:10:5-12:40
15-->src\main\AndroidManifest.xml:11:9-65
16
17    <queries>
17-->[com.github.dhaval2404:imagepicker:2.1] AndroidManifest.xml:9:5-19:15
18
19        <!-- Query Camera Packages -->
20        <intent>
20-->[com.github.dhaval2404:imagepicker:2.1] AndroidManifest.xml:12:9-14:18
21            <action android:name="android.media.action.IMAGE_CAPTURE" />
21-->[com.github.dhaval2404:imagepicker:2.1] AndroidManifest.xml:13:13-73
21-->[com.github.dhaval2404:imagepicker:2.1] AndroidManifest.xml:13:21-70
22        </intent>
23        <!-- Query Open Document -->
24        <intent>
24-->[com.github.dhaval2404:imagepicker:2.1] AndroidManifest.xml:16:9-18:18
25            <action android:name="android.intent.action.OPEN_DOCUMENT_TREE" />
25-->[com.github.dhaval2404:imagepicker:2.1] AndroidManifest.xml:17:13-79
25-->[com.github.dhaval2404:imagepicker:2.1] AndroidManifest.xml:17:21-76
26        </intent>
27    </queries>
28
29    <permission
29-->[androidx.core:core:1.9.0] AndroidManifest.xml:22:5-24:47
30        android:name="com.optic.kotlinudemydelivery.DYNAMIC_RECEIVER_NOT_EXPORTED_PERMISSION"
30-->[androidx.core:core:1.9.0] AndroidManifest.xml:23:9-81
31        android:protectionLevel="signature" />
31-->[androidx.core:core:1.9.0] AndroidManifest.xml:24:9-44
32
33    <uses-permission android:name="com.optic.kotlinudemydelivery.DYNAMIC_RECEIVER_NOT_EXPORTED_PERMISSION" />
33-->[androidx.core:core:1.9.0] AndroidManifest.xml:26:5-97
33-->[androidx.core:core:1.9.0] AndroidManifest.xml:26:22-94
34
35    <application
35-->src\main\AndroidManifest.xml:14:5-56:19
36        android:allowBackup="true"
36-->src\main\AndroidManifest.xml:15:9-35
37        android:appComponentFactory="androidx.core.app.CoreComponentFactory"
37-->[androidx.core:core:1.9.0] AndroidManifest.xml:28:18-86
38        android:dataExtractionRules="@xml/data_extraction_rules"
38-->src\main\AndroidManifest.xml:16:9-65
39        android:debuggable="true"
40        android:fullBackupContent="@xml/backup_rules"
40-->src\main\AndroidManifest.xml:17:9-54
41        android:icon="@mipmap/ic_launcher"
41-->src\main\AndroidManifest.xml:18:9-43
42        android:label="@string/app_name"
42-->src\main\AndroidManifest.xml:19:9-41
43        android:roundIcon="@mipmap/ic_launcher_round"
43-->src\main\AndroidManifest.xml:20:9-54
44        android:supportsRtl="true"
44-->src\main\AndroidManifest.xml:21:9-35
45        android:testOnly="true"
46        android:theme="@style/Theme.KotlinUdemyDelivery"
46-->src\main\AndroidManifest.xml:22:9-57
47        android:usesCleartextTraffic="true" >
47-->src\main\AndroidManifest.xml:23:9-44
48        <activity
48-->src\main\AndroidManifest.xml:25:9-28:20
49            android:name="com.optic.kotlinudemydelivery.activities.client.update.ClientUpdateActivity"
49-->src\main\AndroidManifest.xml:26:13-74
50            android:exported="false" >
50-->src\main\AndroidManifest.xml:27:13-37
51        </activity>
52        <activity
52-->src\main\AndroidManifest.xml:29:9-37:20
53            android:name="com.optic.kotlinudemydelivery.activities.MainActivity"
53-->src\main\AndroidManifest.xml:30:13-52
54            android:exported="true" >
54-->src\main\AndroidManifest.xml:31:13-36
55            <intent-filter>
55-->src\main\AndroidManifest.xml:32:13-36:29
56                <action android:name="android.intent.action.MAIN" />
56-->src\main\AndroidManifest.xml:33:17-69
56-->src\main\AndroidManifest.xml:33:25-66
57
58                <category android:name="android.intent.category.LAUNCHER" />
58-->src\main\AndroidManifest.xml:35:17-77
58-->src\main\AndroidManifest.xml:35:27-74
59            </intent-filter>
60        </activity>
61        <activity
61-->src\main\AndroidManifest.xml:38:9-40:48
62            android:name="com.optic.kotlinudemydelivery.activities.RegisterActivity"
62-->src\main\AndroidManifest.xml:39:13-56
63            android:exported="true" />
63-->src\main\AndroidManifest.xml:40:13-36
64        <activity
64-->src\main\AndroidManifest.xml:41:9-43:48
65            android:name="com.optic.kotlinudemydelivery.activities.client.home.ClientHomeActivity"
65-->src\main\AndroidManifest.xml:42:13-70
66            android:exported="true" />
66-->src\main\AndroidManifest.xml:43:13-36
67        <activity
67-->src\main\AndroidManifest.xml:44:9-46:48
68            android:name="com.optic.kotlinudemydelivery.activities.SelectRolesActivity"
68-->src\main\AndroidManifest.xml:45:13-59
69            android:exported="true" />
69-->src\main\AndroidManifest.xml:46:13-36
70        <activity
70-->src\main\AndroidManifest.xml:47:9-49:48
71            android:name="com.optic.kotlinudemydelivery.activities.delivery.home.DeliveryHomeActivity"
71-->src\main\AndroidManifest.xml:48:13-74
72            android:exported="true" />
72-->src\main\AndroidManifest.xml:49:13-36
73        <activity
73-->src\main\AndroidManifest.xml:50:9-52:48
74            android:name="com.optic.kotlinudemydelivery.activities.restaurant.home.RestaurantHomeActivity"
74-->src\main\AndroidManifest.xml:51:13-78
75            android:exported="true" />
75-->src\main\AndroidManifest.xml:52:13-36
76        <activity
76-->src\main\AndroidManifest.xml:53:9-55:48
77            android:name="com.optic.kotlinudemydelivery.activities.SaveImageActivity"
77-->src\main\AndroidManifest.xml:54:13-57
78            android:exported="true" />
78-->src\main\AndroidManifest.xml:55:13-36
79        <activity
79-->[com.github.dhaval2404:imagepicker:2.1] AndroidManifest.xml:22:9-25:68
80            android:name="com.github.dhaval2404.imagepicker.ImagePickerActivity"
80-->[com.github.dhaval2404:imagepicker:2.1] AndroidManifest.xml:23:13-81
81            android:screenOrientation="unspecified"
81-->[com.github.dhaval2404:imagepicker:2.1] AndroidManifest.xml:24:13-52
82            android:theme="@style/Theme.Transparent.ImagePicker" />
82-->[com.github.dhaval2404:imagepicker:2.1] AndroidManifest.xml:25:13-65
83        <activity
83-->[com.github.dhaval2404:imagepicker:2.1] AndroidManifest.xml:26:9-29:72
84            android:name="com.yalantis.ucrop.UCropActivity"
84-->[com.github.dhaval2404:imagepicker:2.1] AndroidManifest.xml:27:13-60
85            android:screenOrientation="portrait"
85-->[com.github.dhaval2404:imagepicker:2.1] AndroidManifest.xml:28:13-49
86            android:theme="@style/Theme.AppCompat.Light.NoActionBar" />
86-->[com.github.dhaval2404:imagepicker:2.1] AndroidManifest.xml:29:13-69
87
88        <provider
88-->[com.github.dhaval2404:imagepicker:2.1] AndroidManifest.xml:31:9-39:20
89            android:name="com.github.dhaval2404.imagepicker.ImagePickerFileProvider"
89-->[com.github.dhaval2404:imagepicker:2.1] AndroidManifest.xml:32:13-85
90            android:authorities="com.optic.kotlinudemydelivery.imagepicker.provider"
90-->[com.github.dhaval2404:imagepicker:2.1] AndroidManifest.xml:33:13-72
91            android:exported="false"
91-->[com.github.dhaval2404:imagepicker:2.1] AndroidManifest.xml:34:13-37
92            android:grantUriPermissions="true" >
92-->[com.github.dhaval2404:imagepicker:2.1] AndroidManifest.xml:35:13-47
93            <meta-data
93-->[com.github.dhaval2404:imagepicker:2.1] AndroidManifest.xml:36:13-38:71
94                android:name="android.support.FILE_PROVIDER_PATHS"
94-->[com.github.dhaval2404:imagepicker:2.1] AndroidManifest.xml:37:17-67
95                android:resource="@xml/image_picker_provider_paths" />
95-->[com.github.dhaval2404:imagepicker:2.1] AndroidManifest.xml:38:17-68
96        </provider>
97        <provider
97-->[androidx.emoji2:emoji2:1.2.0] AndroidManifest.xml:24:9-32:20
98            android:name="androidx.startup.InitializationProvider"
98-->[androidx.emoji2:emoji2:1.2.0] AndroidManifest.xml:25:13-67
99            android:authorities="com.optic.kotlinudemydelivery.androidx-startup"
99-->[androidx.emoji2:emoji2:1.2.0] AndroidManifest.xml:26:13-68
100            android:exported="false" >
100-->[androidx.emoji2:emoji2:1.2.0] AndroidManifest.xml:27:13-37
101            <meta-data
101-->[androidx.emoji2:emoji2:1.2.0] AndroidManifest.xml:29:13-31:52
102                android:name="androidx.emoji2.text.EmojiCompatInitializer"
102-->[androidx.emoji2:emoji2:1.2.0] AndroidManifest.xml:30:17-75
103                android:value="androidx.startup" />
103-->[androidx.emoji2:emoji2:1.2.0] AndroidManifest.xml:31:17-49
104            <meta-data
104-->[androidx.lifecycle:lifecycle-process:2.4.1] AndroidManifest.xml:31:13-33:52
105                android:name="androidx.lifecycle.ProcessLifecycleInitializer"
105-->[androidx.lifecycle:lifecycle-process:2.4.1] AndroidManifest.xml:32:17-78
106                android:value="androidx.startup" />
106-->[androidx.lifecycle:lifecycle-process:2.4.1] AndroidManifest.xml:33:17-49
107        </provider>
108    </application>
109
110</manifest>